<?xml version="1.0" encoding="UTF-8"?>
<!-- Generated by org.testng.reporters.JUnitReportReporter -->
<testsuite hostname="DESKTOP-0GFRTS5" failures="0" tests="4" name="testLayer.LoginTest" time="22.725" errors="0" timestamp="2023-11-13T21:57:09 EST" skipped="0">
  <testcase classname="testLayer.LoginTest" name="title" time="5.343"/>
  <system-out/>
  <testcase classname="testLayer.LoginTest" name="login" time="5.717"/>
  <system-out/>
  <testcase classname="testLayer.LoginTest" name="login" time="5.507"/>
  <system-out/>
  <testcase classname="testLayer.LoginTest" name="login" time="6.158"/>
  <system-out/>
</testsuite> <!-- testLayer.LoginTest -->
