<?xml version="1.0" encoding="UTF-8"?>
<!-- Generated by org.testng.reporters.JUnitReportReporter -->
<testsuite hostname="DESKTOP-0GFRTS5" failures="0" tests="4" name="testLayer.LoginTest" time="27.252" errors="0" timestamp="2023-11-13T11:29:21 EST" skipped="0">
  <testcase classname="testLayer.LoginTest" name="title" time="9.182"/>
  <system-out/>
  <testcase classname="testLayer.LoginTest" name="login" time="5.874"/>
  <system-out/>
  <testcase classname="testLayer.LoginTest" name="login" time="6.292"/>
  <system-out/>
  <testcase classname="testLayer.LoginTest" name="login" time="5.904"/>
  <system-out/>
</testsuite> <!-- testLayer.LoginTest -->
